<?xml version="1.0" encoding="UTF-8"?>
<testsuite name="asw.project.ZuulApplicationTests" tests="1" skipped="1" failures="0" errors="0" timestamp="2017-06-15T10:33:36" hostname="docker" time="0.0">
  <properties/>
  <testcase name="contextLoads" classname="asw.project.ZuulApplicationTests" time="0.0">
    <skipped/>
  </testcase>
  <system-out><![CDATA[10:33:36.344 [Test worker] DEBUG org.springframework.test.context.junit4.SpringJUnit4ClassRunner - SpringJUnit4ClassRunner constructor called with [class asw.project.ZuulApplicationTests]
10:33:36.359 [Test worker] DEBUG org.springframework.test.context.BootstrapUtils - Instantiating CacheAwareContextLoaderDelegate from class [org.springframework.test.context.cache.DefaultCacheAwareContextLoaderDelegate]
10:33:36.387 [Test worker] DEBUG org.springframework.test.context.BootstrapUtils - Instantiating BootstrapContext using constructor [public org.springframework.test.context.support.DefaultBootstrapContext(java.lang.Class,org.springframework.test.context.CacheAwareContextLoaderDelegate)]
10:33:36.434 [Test worker] DEBUG org.springframework.test.context.BootstrapUtils - Instantiating TestContextBootstrapper for test class [asw.project.ZuulApplicationTests] from class [org.springframework.boot.test.context.SpringBootTestContextBootstrapper]
10:33:36.482 [Test worker] INFO org.springframework.boot.test.context.SpringBootTestContextBootstrapper - Neither @ContextConfiguration nor @ContextHierarchy found for test class [asw.project.ZuulApplicationTests], using SpringBootContextLoader
10:33:36.496 [Test worker] DEBUG org.springframework.test.context.support.AbstractContextLoader - Did not detect default resource location for test class [asw.project.ZuulApplicationTests]: class path resource [asw/project/ZuulApplicationTests-context.xml] does not exist
10:33:36.498 [Test worker] DEBUG org.springframework.test.context.support.AbstractContextLoader - Did not detect default resource location for test class [asw.project.ZuulApplicationTests]: class path resource [asw/project/ZuulApplicationTestsContext.groovy] does not exist
10:33:36.498 [Test worker] INFO org.springframework.test.context.support.AbstractContextLoader - Could not detect default resource locations for test class [asw.project.ZuulApplicationTests]: no resource found for suffixes {-context.xml, Context.groovy}.
10:33:36.502 [Test worker] INFO org.springframework.test.context.support.AnnotationConfigContextLoaderUtils - Could not detect default configuration classes for test class [asw.project.ZuulApplicationTests]: ZuulApplicationTests does not declare any static, non-private, non-final, nested classes annotated with @Configuration.
10:33:36.623 [Test worker] DEBUG org.springframework.test.context.support.ActiveProfilesUtils - Could not find an 'annotation declaring class' for annotation type [org.springframework.test.context.ActiveProfiles] and class [asw.project.ZuulApplicationTests]
10:33:36.658 [Test worker] DEBUG org.springframework.core.env.StandardEnvironment - Adding [systemProperties] PropertySource with lowest search precedence
10:33:36.659 [Test worker] DEBUG org.springframework.core.env.StandardEnvironment - Adding [systemEnvironment] PropertySource with lowest search precedence
10:33:36.660 [Test worker] DEBUG org.springframework.core.env.StandardEnvironment - Initialized StandardEnvironment with PropertySources [systemProperties,systemEnvironment]
10:33:36.698 [Test worker] DEBUG org.springframework.core.io.support.PathMatchingResourcePatternResolver - Resolved classpath location [asw/project/] to resources [URL [file:/home/vagrant/projects/brands_info_swarm/Zuul/build/classes/test/asw/project/], URL [file:/home/vagrant/projects/brands_info_swarm/Zuul/build/classes/main/asw/project/]]
10:33:36.699 [Test worker] DEBUG org.springframework.core.io.support.PathMatchingResourcePatternResolver - Looking for matching resources in directory tree [/home/vagrant/projects/brands_info_swarm/Zuul/build/classes/test/asw/project]
10:33:36.701 [Test worker] DEBUG org.springframework.core.io.support.PathMatchingResourcePatternResolver - Searching directory [/home/vagrant/projects/brands_info_swarm/Zuul/build/classes/test/asw/project] for files matching pattern [/home/vagrant/projects/brands_info_swarm/Zuul/build/classes/test/asw/project/*.class]
10:33:36.710 [Test worker] DEBUG org.springframework.core.io.support.PathMatchingResourcePatternResolver - Looking for matching resources in directory tree [/home/vagrant/projects/brands_info_swarm/Zuul/build/classes/main/asw/project]
10:33:36.712 [Test worker] DEBUG org.springframework.core.io.support.PathMatchingResourcePatternResolver - Searching directory [/home/vagrant/projects/brands_info_swarm/Zuul/build/classes/main/asw/project] for files matching pattern [/home/vagrant/projects/brands_info_swarm/Zuul/build/classes/main/asw/project/*.class]
10:33:36.715 [Test worker] DEBUG org.springframework.core.io.support.PathMatchingResourcePatternResolver - Resolved location pattern [classpath*:asw/project/*.class] to resources [file [/home/vagrant/projects/brands_info_swarm/Zuul/build/classes/test/asw/project/ZuulApplicationTests.class], file [/home/vagrant/projects/brands_info_swarm/Zuul/build/classes/main/asw/project/ZuulApplication.class]]
10:33:36.869 [Test worker] DEBUG org.springframework.context.annotation.ClassPathScanningCandidateComponentProvider - Identified candidate component class: file [/home/vagrant/projects/brands_info_swarm/Zuul/build/classes/main/asw/project/ZuulApplication.class]
10:33:36.876 [Test worker] INFO org.springframework.boot.test.context.SpringBootTestContextBootstrapper - Found @SpringBootConfiguration asw.project.ZuulApplication for test class asw.project.ZuulApplicationTests
10:33:36.890 [Test worker] DEBUG org.springframework.boot.test.context.SpringBootTestContextBootstrapper - @TestExecutionListeners is not present for class [asw.project.ZuulApplicationTests]: using defaults.
10:33:36.898 [Test worker] INFO org.springframework.boot.test.context.SpringBootTestContextBootstrapper - Loaded default TestExecutionListener class names from location [META-INF/spring.factories]: [org.springframework.boot.test.mock.mockito.MockitoTestExecutionListener, org.springframework.boot.test.mock.mockito.ResetMocksTestExecutionListener, org.springframework.boot.test.autoconfigure.restdocs.RestDocsTestExecutionListener, org.springframework.boot.test.autoconfigure.web.client.MockRestServiceServerResetTestExecutionListener, org.springframework.boot.test.autoconfigure.web.servlet.MockMvcPrintOnlyOnFailureTestExecutionListener, org.springframework.boot.test.autoconfigure.web.servlet.WebDriverTestExecutionListener, org.springframework.test.context.web.ServletTestExecutionListener, org.springframework.test.context.support.DirtiesContextBeforeModesTestExecutionListener, org.springframework.test.context.support.DependencyInjectionTestExecutionListener, org.springframework.test.context.support.DirtiesContextTestExecutionListener, org.springframework.test.context.transaction.TransactionalTestExecutionListener, org.springframework.test.context.jdbc.SqlScriptsTestExecutionListener]
10:33:36.943 [Test worker] INFO org.springframework.boot.test.context.SpringBootTestContextBootstrapper - Could not instantiate TestExecutionListener [org.springframework.test.context.jdbc.SqlScriptsTestExecutionListener]. Specify custom listener classes or make the default listener classes (and their required dependencies) available. Offending class: [org/springframework/transaction/interceptor/TransactionAttribute]
10:33:36.947 [Test worker] INFO org.springframework.boot.test.context.SpringBootTestContextBootstrapper - Could not instantiate TestExecutionListener [org.springframework.test.context.transaction.TransactionalTestExecutionListener]. Specify custom listener classes or make the default listener classes (and their required dependencies) available. Offending class: [org/springframework/transaction/TransactionDefinition]
10:33:36.967 [Test worker] INFO org.springframework.boot.test.context.SpringBootTestContextBootstrapper - Using TestExecutionListeners: [org.springframework.test.context.web.ServletTestExecutionListener@77a08fe6, org.springframework.test.context.support.DirtiesContextBeforeModesTestExecutionListener@12597fe9, org.springframework.boot.test.autoconfigure.SpringBootDependencyInjectionTestExecutionListener@65f74773, org.springframework.test.context.support.DirtiesContextTestExecutionListener@30c416c7, org.springframework.boot.test.mock.mockito.MockitoTestExecutionListener@43e86086, org.springframework.boot.test.mock.mockito.ResetMocksTestExecutionListener@1a17f925, org.springframework.boot.test.autoconfigure.web.client.MockRestServiceServerResetTestExecutionListener@4504e9cb, org.springframework.boot.test.autoconfigure.web.servlet.MockMvcPrintOnlyOnFailureTestExecutionListener@55e6ad82, org.springframework.boot.test.autoconfigure.web.servlet.WebDriverTestExecutionListener@550a1be8, org.springframework.boot.test.autoconfigure.restdocs.RestDocsTestExecutionListener@70711ebd]
10:33:36.976 [Test worker] DEBUG org.springframework.test.annotation.ProfileValueUtils - Retrieved @ProfileValueSourceConfiguration [null] for test class [asw.project.ZuulApplicationTests]
10:33:36.978 [Test worker] DEBUG org.springframework.test.annotation.ProfileValueUtils - Retrieved ProfileValueSource type [class org.springframework.test.annotation.SystemProfileValueSource] for class [asw.project.ZuulApplicationTests]
]]></system-out>
  <system-err><![CDATA[]]></system-err>
</testsuite>
