<?xml version="1.0" encoding="UTF-8"?>
<testsuite name="asw.project.BrandsSalesApplicationTests" tests="1" skipped="1" failures="0" errors="0" timestamp="2017-06-15T10:33:17" hostname="docker" time="0.001">
  <properties/>
  <testcase name="contextLoads" classname="asw.project.BrandsSalesApplicationTests" time="0.001">
    <skipped/>
  </testcase>
  <system-out><![CDATA[10:33:17.241 [Test worker] DEBUG org.springframework.test.context.junit4.SpringJUnit4ClassRunner - SpringJUnit4ClassRunner constructor called with [class asw.project.BrandsSalesApplicationTests]
10:33:17.260 [Test worker] DEBUG org.springframework.test.context.BootstrapUtils - Instantiating CacheAwareContextLoaderDelegate from class [org.springframework.test.context.cache.DefaultCacheAwareContextLoaderDelegate]
10:33:17.288 [Test worker] DEBUG org.springframework.test.context.BootstrapUtils - Instantiating BootstrapContext using constructor [public org.springframework.test.context.support.DefaultBootstrapContext(java.lang.Class,org.springframework.test.context.CacheAwareContextLoaderDelegate)]
10:33:17.330 [Test worker] DEBUG org.springframework.test.context.BootstrapUtils - Instantiating TestContextBootstrapper for test class [asw.project.BrandsSalesApplicationTests] from class [org.springframework.boot.test.context.SpringBootTestContextBootstrapper]
10:33:17.396 [Test worker] INFO org.springframework.boot.test.context.SpringBootTestContextBootstrapper - Neither @ContextConfiguration nor @ContextHierarchy found for test class [asw.project.BrandsSalesApplicationTests], using SpringBootContextLoader
10:33:17.409 [Test worker] DEBUG org.springframework.test.context.support.AbstractContextLoader - Did not detect default resource location for test class [asw.project.BrandsSalesApplicationTests]: class path resource [asw/project/BrandsSalesApplicationTests-context.xml] does not exist
10:33:17.411 [Test worker] DEBUG org.springframework.test.context.support.AbstractContextLoader - Did not detect default resource location for test class [asw.project.BrandsSalesApplicationTests]: class path resource [asw/project/BrandsSalesApplicationTestsContext.groovy] does not exist
10:33:17.412 [Test worker] INFO org.springframework.test.context.support.AbstractContextLoader - Could not detect default resource locations for test class [asw.project.BrandsSalesApplicationTests]: no resource found for suffixes {-context.xml, Context.groovy}.
10:33:17.416 [Test worker] INFO org.springframework.test.context.support.AnnotationConfigContextLoaderUtils - Could not detect default configuration classes for test class [asw.project.BrandsSalesApplicationTests]: BrandsSalesApplicationTests does not declare any static, non-private, non-final, nested classes annotated with @Configuration.
10:33:17.540 [Test worker] DEBUG org.springframework.test.context.support.ActiveProfilesUtils - Could not find an 'annotation declaring class' for annotation type [org.springframework.test.context.ActiveProfiles] and class [asw.project.BrandsSalesApplicationTests]
10:33:17.574 [Test worker] DEBUG org.springframework.core.env.StandardEnvironment - Adding [systemProperties] PropertySource with lowest search precedence
10:33:17.575 [Test worker] DEBUG org.springframework.core.env.StandardEnvironment - Adding [systemEnvironment] PropertySource with lowest search precedence
10:33:17.575 [Test worker] DEBUG org.springframework.core.env.StandardEnvironment - Initialized StandardEnvironment with PropertySources [systemProperties,systemEnvironment]
10:33:17.612 [Test worker] DEBUG org.springframework.core.io.support.PathMatchingResourcePatternResolver - Resolved classpath location [asw/project/] to resources [URL [file:/home/vagrant/projects/brands_info_swarm/BrandsSales/build/classes/test/asw/project/], URL [file:/home/vagrant/projects/brands_info_swarm/BrandsSales/build/classes/main/asw/project/]]
10:33:17.613 [Test worker] DEBUG org.springframework.core.io.support.PathMatchingResourcePatternResolver - Looking for matching resources in directory tree [/home/vagrant/projects/brands_info_swarm/BrandsSales/build/classes/test/asw/project]
10:33:17.615 [Test worker] DEBUG org.springframework.core.io.support.PathMatchingResourcePatternResolver - Searching directory [/home/vagrant/projects/brands_info_swarm/BrandsSales/build/classes/test/asw/project] for files matching pattern [/home/vagrant/projects/brands_info_swarm/BrandsSales/build/classes/test/asw/project/*.class]
10:33:17.624 [Test worker] DEBUG org.springframework.core.io.support.PathMatchingResourcePatternResolver - Looking for matching resources in directory tree [/home/vagrant/projects/brands_info_swarm/BrandsSales/build/classes/main/asw/project]
10:33:17.625 [Test worker] DEBUG org.springframework.core.io.support.PathMatchingResourcePatternResolver - Searching directory [/home/vagrant/projects/brands_info_swarm/BrandsSales/build/classes/main/asw/project] for files matching pattern [/home/vagrant/projects/brands_info_swarm/BrandsSales/build/classes/main/asw/project/*.class]
10:33:17.628 [Test worker] DEBUG org.springframework.core.io.support.PathMatchingResourcePatternResolver - Resolved location pattern [classpath*:asw/project/*.class] to resources [file [/home/vagrant/projects/brands_info_swarm/BrandsSales/build/classes/test/asw/project/BrandsSalesApplicationTests.class], file [/home/vagrant/projects/brands_info_swarm/BrandsSales/build/classes/main/asw/project/BrandsSalesApplication.class], file [/home/vagrant/projects/brands_info_swarm/BrandsSales/build/classes/main/asw/project/BrandsSalesController.class]]
10:33:17.780 [Test worker] DEBUG org.springframework.context.annotation.ClassPathScanningCandidateComponentProvider - Identified candidate component class: file [/home/vagrant/projects/brands_info_swarm/BrandsSales/build/classes/main/asw/project/BrandsSalesApplication.class]
10:33:17.826 [Test worker] INFO org.springframework.boot.test.context.SpringBootTestContextBootstrapper - Found @SpringBootConfiguration asw.project.BrandsSalesApplication for test class asw.project.BrandsSalesApplicationTests
10:33:17.843 [Test worker] DEBUG org.springframework.boot.test.context.SpringBootTestContextBootstrapper - @TestExecutionListeners is not present for class [asw.project.BrandsSalesApplicationTests]: using defaults.
10:33:17.852 [Test worker] INFO org.springframework.boot.test.context.SpringBootTestContextBootstrapper - Loaded default TestExecutionListener class names from location [META-INF/spring.factories]: [org.springframework.boot.test.mock.mockito.MockitoTestExecutionListener, org.springframework.boot.test.mock.mockito.ResetMocksTestExecutionListener, org.springframework.boot.test.autoconfigure.restdocs.RestDocsTestExecutionListener, org.springframework.boot.test.autoconfigure.web.client.MockRestServiceServerResetTestExecutionListener, org.springframework.boot.test.autoconfigure.web.servlet.MockMvcPrintOnlyOnFailureTestExecutionListener, org.springframework.boot.test.autoconfigure.web.servlet.WebDriverTestExecutionListener, org.springframework.test.context.web.ServletTestExecutionListener, org.springframework.test.context.support.DirtiesContextBeforeModesTestExecutionListener, org.springframework.test.context.support.DependencyInjectionTestExecutionListener, org.springframework.test.context.support.DirtiesContextTestExecutionListener, org.springframework.test.context.transaction.TransactionalTestExecutionListener, org.springframework.test.context.jdbc.SqlScriptsTestExecutionListener]
10:33:17.891 [Test worker] INFO org.springframework.boot.test.context.SpringBootTestContextBootstrapper - Could not instantiate TestExecutionListener [org.springframework.test.context.jdbc.SqlScriptsTestExecutionListener]. Specify custom listener classes or make the default listener classes (and their required dependencies) available. Offending class: [org/springframework/transaction/interceptor/TransactionAttribute]
10:33:17.907 [Test worker] INFO org.springframework.boot.test.context.SpringBootTestContextBootstrapper - Could not instantiate TestExecutionListener [org.springframework.test.context.transaction.TransactionalTestExecutionListener]. Specify custom listener classes or make the default listener classes (and their required dependencies) available. Offending class: [org/springframework/transaction/TransactionDefinition]
10:33:17.908 [Test worker] INFO org.springframework.boot.test.context.SpringBootTestContextBootstrapper - Using TestExecutionListeners: [org.springframework.test.context.web.ServletTestExecutionListener@469cf29c, org.springframework.test.context.support.DirtiesContextBeforeModesTestExecutionListener@3cad80de, org.springframework.boot.test.autoconfigure.SpringBootDependencyInjectionTestExecutionListener@20e4c758, org.springframework.test.context.support.DirtiesContextTestExecutionListener@10fe2f40, org.springframework.boot.test.mock.mockito.ResetMocksTestExecutionListener@315737d1, org.springframework.boot.test.mock.mockito.MockitoTestExecutionListener@61acfa55, org.springframework.boot.test.autoconfigure.restdocs.RestDocsTestExecutionListener@67743f3f, org.springframework.boot.test.autoconfigure.web.client.MockRestServiceServerResetTestExecutionListener@61188be, org.springframework.boot.test.autoconfigure.web.servlet.MockMvcPrintOnlyOnFailureTestExecutionListener@ef0de12, org.springframework.boot.test.autoconfigure.web.servlet.WebDriverTestExecutionListener@808f3cb]
10:33:17.915 [Test worker] DEBUG org.springframework.test.annotation.ProfileValueUtils - Retrieved @ProfileValueSourceConfiguration [null] for test class [asw.project.BrandsSalesApplicationTests]
10:33:17.917 [Test worker] DEBUG org.springframework.test.annotation.ProfileValueUtils - Retrieved ProfileValueSource type [class org.springframework.test.annotation.SystemProfileValueSource] for class [asw.project.BrandsSalesApplicationTests]
]]></system-out>
  <system-err><![CDATA[]]></system-err>
</testsuite>
