<?xml version="1.0" encoding="UTF-8"?>
<testsuite name="asw.project.BrandsApplicationTests" tests="1" skipped="1" failures="0" errors="0" timestamp="2017-06-14T12:39:06" hostname="MacBook-Pro-di-Administrator.local" time="0.0">
  <properties/>
  <testcase name="contextLoads" classname="asw.project.BrandsApplicationTests" time="0.0">
    <skipped/>
  </testcase>
  <system-out><![CDATA[14:39:05.869 [Test worker] DEBUG org.springframework.test.context.junit4.SpringJUnit4ClassRunner - SpringJUnit4ClassRunner constructor called with [class asw.project.BrandsApplicationTests]
14:39:05.875 [Test worker] DEBUG org.springframework.test.context.BootstrapUtils - Instantiating CacheAwareContextLoaderDelegate from class [org.springframework.test.context.cache.DefaultCacheAwareContextLoaderDelegate]
14:39:05.882 [Test worker] DEBUG org.springframework.test.context.BootstrapUtils - Instantiating BootstrapContext using constructor [public org.springframework.test.context.support.DefaultBootstrapContext(java.lang.Class,org.springframework.test.context.CacheAwareContextLoaderDelegate)]
14:39:05.905 [Test worker] DEBUG org.springframework.test.context.BootstrapUtils - Instantiating TestContextBootstrapper for test class [asw.project.BrandsApplicationTests] from class [org.springframework.boot.test.context.SpringBootTestContextBootstrapper]
14:39:05.918 [Test worker] INFO org.springframework.boot.test.context.SpringBootTestContextBootstrapper - Neither @ContextConfiguration nor @ContextHierarchy found for test class [asw.project.BrandsApplicationTests], using SpringBootContextLoader
14:39:05.923 [Test worker] DEBUG org.springframework.test.context.support.AbstractContextLoader - Did not detect default resource location for test class [asw.project.BrandsApplicationTests]: class path resource [asw/project/BrandsApplicationTests-context.xml] does not exist
14:39:05.923 [Test worker] DEBUG org.springframework.test.context.support.AbstractContextLoader - Did not detect default resource location for test class [asw.project.BrandsApplicationTests]: class path resource [asw/project/BrandsApplicationTestsContext.groovy] does not exist
14:39:05.924 [Test worker] INFO org.springframework.test.context.support.AbstractContextLoader - Could not detect default resource locations for test class [asw.project.BrandsApplicationTests]: no resource found for suffixes {-context.xml, Context.groovy}.
14:39:05.925 [Test worker] INFO org.springframework.test.context.support.AnnotationConfigContextLoaderUtils - Could not detect default configuration classes for test class [asw.project.BrandsApplicationTests]: BrandsApplicationTests does not declare any static, non-private, non-final, nested classes annotated with @Configuration.
14:39:05.966 [Test worker] DEBUG org.springframework.test.context.support.ActiveProfilesUtils - Could not find an 'annotation declaring class' for annotation type [org.springframework.test.context.ActiveProfiles] and class [asw.project.BrandsApplicationTests]
14:39:05.973 [Test worker] DEBUG org.springframework.core.env.StandardEnvironment - Adding [systemProperties] PropertySource with lowest search precedence
14:39:05.974 [Test worker] DEBUG org.springframework.core.env.StandardEnvironment - Adding [systemEnvironment] PropertySource with lowest search precedence
14:39:05.974 [Test worker] DEBUG org.springframework.core.env.StandardEnvironment - Initialized StandardEnvironment with PropertySources [systemProperties,systemEnvironment]
14:39:05.983 [Test worker] DEBUG org.springframework.core.io.support.PathMatchingResourcePatternResolver - Resolved classpath location [asw/project/] to resources [URL [file:/Users/Administrator/Development/Eclipse/Brands/build/classes/test/asw/project/], URL [file:/Users/Administrator/Development/Eclipse/Brands/build/classes/main/asw/project/]]
14:39:05.984 [Test worker] DEBUG org.springframework.core.io.support.PathMatchingResourcePatternResolver - Looking for matching resources in directory tree [/Users/Administrator/Development/Eclipse/Brands/build/classes/test/asw/project]
14:39:05.984 [Test worker] DEBUG org.springframework.core.io.support.PathMatchingResourcePatternResolver - Searching directory [/Users/Administrator/Development/Eclipse/Brands/build/classes/test/asw/project] for files matching pattern [/Users/Administrator/Development/Eclipse/Brands/build/classes/test/asw/project/*.class]
14:39:05.988 [Test worker] DEBUG org.springframework.core.io.support.PathMatchingResourcePatternResolver - Looking for matching resources in directory tree [/Users/Administrator/Development/Eclipse/Brands/build/classes/main/asw/project]
14:39:05.988 [Test worker] DEBUG org.springframework.core.io.support.PathMatchingResourcePatternResolver - Searching directory [/Users/Administrator/Development/Eclipse/Brands/build/classes/main/asw/project] for files matching pattern [/Users/Administrator/Development/Eclipse/Brands/build/classes/main/asw/project/*.class]
14:39:05.990 [Test worker] DEBUG org.springframework.core.io.support.PathMatchingResourcePatternResolver - Resolved location pattern [classpath*:asw/project/*.class] to resources [file [/Users/Administrator/Development/Eclipse/Brands/build/classes/test/asw/project/BrandsApplicationTests.class], file [/Users/Administrator/Development/Eclipse/Brands/build/classes/main/asw/project/BrandsApplication.class], file [/Users/Administrator/Development/Eclipse/Brands/build/classes/main/asw/project/BrandsController.class], file [/Users/Administrator/Development/Eclipse/Brands/build/classes/main/asw/project/BrandsService.class]]
14:39:06.041 [Test worker] DEBUG org.springframework.context.annotation.ClassPathScanningCandidateComponentProvider - Identified candidate component class: file [/Users/Administrator/Development/Eclipse/Brands/build/classes/main/asw/project/BrandsApplication.class]
14:39:06.053 [Test worker] INFO org.springframework.boot.test.context.SpringBootTestContextBootstrapper - Found @SpringBootConfiguration asw.project.BrandsApplication for test class asw.project.BrandsApplicationTests
14:39:06.058 [Test worker] DEBUG org.springframework.boot.test.context.SpringBootTestContextBootstrapper - @TestExecutionListeners is not present for class [asw.project.BrandsApplicationTests]: using defaults.
14:39:06.062 [Test worker] INFO org.springframework.boot.test.context.SpringBootTestContextBootstrapper - Loaded default TestExecutionListener class names from location [META-INF/spring.factories]: [org.springframework.boot.test.mock.mockito.MockitoTestExecutionListener, org.springframework.boot.test.mock.mockito.ResetMocksTestExecutionListener, org.springframework.boot.test.autoconfigure.restdocs.RestDocsTestExecutionListener, org.springframework.boot.test.autoconfigure.web.client.MockRestServiceServerResetTestExecutionListener, org.springframework.boot.test.autoconfigure.web.servlet.MockMvcPrintOnlyOnFailureTestExecutionListener, org.springframework.boot.test.autoconfigure.web.servlet.WebDriverTestExecutionListener, org.springframework.test.context.web.ServletTestExecutionListener, org.springframework.test.context.support.DirtiesContextBeforeModesTestExecutionListener, org.springframework.test.context.support.DependencyInjectionTestExecutionListener, org.springframework.test.context.support.DirtiesContextTestExecutionListener, org.springframework.test.context.transaction.TransactionalTestExecutionListener, org.springframework.test.context.jdbc.SqlScriptsTestExecutionListener]
14:39:06.072 [Test worker] INFO org.springframework.boot.test.context.SpringBootTestContextBootstrapper - Could not instantiate TestExecutionListener [org.springframework.test.context.jdbc.SqlScriptsTestExecutionListener]. Specify custom listener classes or make the default listener classes (and their required dependencies) available. Offending class: [org/springframework/transaction/interceptor/TransactionAttribute]
14:39:06.074 [Test worker] INFO org.springframework.boot.test.context.SpringBootTestContextBootstrapper - Could not instantiate TestExecutionListener [org.springframework.test.context.transaction.TransactionalTestExecutionListener]. Specify custom listener classes or make the default listener classes (and their required dependencies) available. Offending class: [org/springframework/transaction/interceptor/TransactionAttributeSource]
14:39:06.077 [Test worker] INFO org.springframework.boot.test.context.SpringBootTestContextBootstrapper - Using TestExecutionListeners: [org.springframework.test.context.web.ServletTestExecutionListener@64443048, org.springframework.test.context.support.DirtiesContextBeforeModesTestExecutionListener@76503cf4, org.springframework.boot.test.autoconfigure.SpringBootDependencyInjectionTestExecutionListener@688278c2, org.springframework.test.context.support.DirtiesContextTestExecutionListener@751e88bb, org.springframework.boot.test.autoconfigure.web.servlet.MockMvcPrintOnlyOnFailureTestExecutionListener@301d2020, org.springframework.boot.test.autoconfigure.web.client.MockRestServiceServerResetTestExecutionListener@47dd0d4b, org.springframework.boot.test.autoconfigure.restdocs.RestDocsTestExecutionListener@3ce2291a, org.springframework.boot.test.autoconfigure.web.servlet.WebDriverTestExecutionListener@3db8256d, org.springframework.boot.test.mock.mockito.ResetMocksTestExecutionListener@647d1eda, org.springframework.boot.test.mock.mockito.MockitoTestExecutionListener@4b65e04b]
14:39:06.080 [Test worker] DEBUG org.springframework.test.annotation.ProfileValueUtils - Retrieved @ProfileValueSourceConfiguration [null] for test class [asw.project.BrandsApplicationTests]
14:39:06.080 [Test worker] DEBUG org.springframework.test.annotation.ProfileValueUtils - Retrieved ProfileValueSource type [class org.springframework.test.annotation.SystemProfileValueSource] for class [asw.project.BrandsApplicationTests]
]]></system-out>
  <system-err><![CDATA[]]></system-err>
</testsuite>
