<?xml version="1.0" encoding="UTF-8"?>
<testsuite name="asw.project.BrandsApplicationTests" tests="1" skipped="1" failures="0" errors="0" timestamp="2017-06-15T10:33:30" hostname="docker" time="0.0">
  <properties/>
  <testcase name="contextLoads" classname="asw.project.BrandsApplicationTests" time="0.0">
    <skipped/>
  </testcase>
  <system-out><![CDATA[10:33:30.094 [Test worker] DEBUG org.springframework.test.context.junit4.SpringJUnit4ClassRunner - SpringJUnit4ClassRunner constructor called with [class asw.project.BrandsApplicationTests]
10:33:30.108 [Test worker] DEBUG org.springframework.test.context.BootstrapUtils - Instantiating CacheAwareContextLoaderDelegate from class [org.springframework.test.context.cache.DefaultCacheAwareContextLoaderDelegate]
10:33:30.135 [Test worker] DEBUG org.springframework.test.context.BootstrapUtils - Instantiating BootstrapContext using constructor [public org.springframework.test.context.support.DefaultBootstrapContext(java.lang.Class,org.springframework.test.context.CacheAwareContextLoaderDelegate)]
10:33:30.183 [Test worker] DEBUG org.springframework.test.context.BootstrapUtils - Instantiating TestContextBootstrapper for test class [asw.project.BrandsApplicationTests] from class [org.springframework.boot.test.context.SpringBootTestContextBootstrapper]
10:33:30.243 [Test worker] INFO org.springframework.boot.test.context.SpringBootTestContextBootstrapper - Neither @ContextConfiguration nor @ContextHierarchy found for test class [asw.project.BrandsApplicationTests], using SpringBootContextLoader
10:33:30.256 [Test worker] DEBUG org.springframework.test.context.support.AbstractContextLoader - Did not detect default resource location for test class [asw.project.BrandsApplicationTests]: class path resource [asw/project/BrandsApplicationTests-context.xml] does not exist
10:33:30.258 [Test worker] DEBUG org.springframework.test.context.support.AbstractContextLoader - Did not detect default resource location for test class [asw.project.BrandsApplicationTests]: class path resource [asw/project/BrandsApplicationTestsContext.groovy] does not exist
10:33:30.258 [Test worker] INFO org.springframework.test.context.support.AbstractContextLoader - Could not detect default resource locations for test class [asw.project.BrandsApplicationTests]: no resource found for suffixes {-context.xml, Context.groovy}.
10:33:30.261 [Test worker] INFO org.springframework.test.context.support.AnnotationConfigContextLoaderUtils - Could not detect default configuration classes for test class [asw.project.BrandsApplicationTests]: BrandsApplicationTests does not declare any static, non-private, non-final, nested classes annotated with @Configuration.
10:33:30.380 [Test worker] DEBUG org.springframework.test.context.support.ActiveProfilesUtils - Could not find an 'annotation declaring class' for annotation type [org.springframework.test.context.ActiveProfiles] and class [asw.project.BrandsApplicationTests]
10:33:30.412 [Test worker] DEBUG org.springframework.core.env.StandardEnvironment - Adding [systemProperties] PropertySource with lowest search precedence
10:33:30.412 [Test worker] DEBUG org.springframework.core.env.StandardEnvironment - Adding [systemEnvironment] PropertySource with lowest search precedence
10:33:30.413 [Test worker] DEBUG org.springframework.core.env.StandardEnvironment - Initialized StandardEnvironment with PropertySources [systemProperties,systemEnvironment]
10:33:30.452 [Test worker] DEBUG org.springframework.core.io.support.PathMatchingResourcePatternResolver - Resolved classpath location [asw/project/] to resources [URL [file:/home/vagrant/projects/brands_info_swarm/Brands/build/classes/test/asw/project/], URL [file:/home/vagrant/projects/brands_info_swarm/Brands/build/classes/main/asw/project/]]
10:33:30.452 [Test worker] DEBUG org.springframework.core.io.support.PathMatchingResourcePatternResolver - Looking for matching resources in directory tree [/home/vagrant/projects/brands_info_swarm/Brands/build/classes/test/asw/project]
10:33:30.454 [Test worker] DEBUG org.springframework.core.io.support.PathMatchingResourcePatternResolver - Searching directory [/home/vagrant/projects/brands_info_swarm/Brands/build/classes/test/asw/project] for files matching pattern [/home/vagrant/projects/brands_info_swarm/Brands/build/classes/test/asw/project/*.class]
10:33:30.464 [Test worker] DEBUG org.springframework.core.io.support.PathMatchingResourcePatternResolver - Looking for matching resources in directory tree [/home/vagrant/projects/brands_info_swarm/Brands/build/classes/main/asw/project]
10:33:30.466 [Test worker] DEBUG org.springframework.core.io.support.PathMatchingResourcePatternResolver - Searching directory [/home/vagrant/projects/brands_info_swarm/Brands/build/classes/main/asw/project] for files matching pattern [/home/vagrant/projects/brands_info_swarm/Brands/build/classes/main/asw/project/*.class]
10:33:30.470 [Test worker] DEBUG org.springframework.core.io.support.PathMatchingResourcePatternResolver - Resolved location pattern [classpath*:asw/project/*.class] to resources [file [/home/vagrant/projects/brands_info_swarm/Brands/build/classes/test/asw/project/BrandsApplicationTests.class], file [/home/vagrant/projects/brands_info_swarm/Brands/build/classes/main/asw/project/BrandsApplication.class], file [/home/vagrant/projects/brands_info_swarm/Brands/build/classes/main/asw/project/BrandsController.class], file [/home/vagrant/projects/brands_info_swarm/Brands/build/classes/main/asw/project/BrandsService.class]]
10:33:30.619 [Test worker] DEBUG org.springframework.context.annotation.ClassPathScanningCandidateComponentProvider - Identified candidate component class: file [/home/vagrant/projects/brands_info_swarm/Brands/build/classes/main/asw/project/BrandsApplication.class]
10:33:30.661 [Test worker] INFO org.springframework.boot.test.context.SpringBootTestContextBootstrapper - Found @SpringBootConfiguration asw.project.BrandsApplication for test class asw.project.BrandsApplicationTests
10:33:30.674 [Test worker] DEBUG org.springframework.boot.test.context.SpringBootTestContextBootstrapper - @TestExecutionListeners is not present for class [asw.project.BrandsApplicationTests]: using defaults.
10:33:30.680 [Test worker] INFO org.springframework.boot.test.context.SpringBootTestContextBootstrapper - Loaded default TestExecutionListener class names from location [META-INF/spring.factories]: [org.springframework.boot.test.mock.mockito.MockitoTestExecutionListener, org.springframework.boot.test.mock.mockito.ResetMocksTestExecutionListener, org.springframework.boot.test.autoconfigure.restdocs.RestDocsTestExecutionListener, org.springframework.boot.test.autoconfigure.web.client.MockRestServiceServerResetTestExecutionListener, org.springframework.boot.test.autoconfigure.web.servlet.MockMvcPrintOnlyOnFailureTestExecutionListener, org.springframework.boot.test.autoconfigure.web.servlet.WebDriverTestExecutionListener, org.springframework.test.context.web.ServletTestExecutionListener, org.springframework.test.context.support.DirtiesContextBeforeModesTestExecutionListener, org.springframework.test.context.support.DependencyInjectionTestExecutionListener, org.springframework.test.context.support.DirtiesContextTestExecutionListener, org.springframework.test.context.transaction.TransactionalTestExecutionListener, org.springframework.test.context.jdbc.SqlScriptsTestExecutionListener]
10:33:30.730 [Test worker] INFO org.springframework.boot.test.context.SpringBootTestContextBootstrapper - Could not instantiate TestExecutionListener [org.springframework.test.context.transaction.TransactionalTestExecutionListener]. Specify custom listener classes or make the default listener classes (and their required dependencies) available. Offending class: [org/springframework/transaction/TransactionDefinition]
10:33:30.733 [Test worker] INFO org.springframework.boot.test.context.SpringBootTestContextBootstrapper - Could not instantiate TestExecutionListener [org.springframework.test.context.jdbc.SqlScriptsTestExecutionListener]. Specify custom listener classes or make the default listener classes (and their required dependencies) available. Offending class: [org/springframework/transaction/interceptor/TransactionAttribute]
10:33:30.736 [Test worker] INFO org.springframework.boot.test.context.SpringBootTestContextBootstrapper - Using TestExecutionListeners: [org.springframework.test.context.web.ServletTestExecutionListener@2663ef74, org.springframework.test.context.support.DirtiesContextBeforeModesTestExecutionListener@ba84656, org.springframework.boot.test.autoconfigure.SpringBootDependencyInjectionTestExecutionListener@199d7077, org.springframework.test.context.support.DirtiesContextTestExecutionListener@7e7fafb8, org.springframework.boot.test.autoconfigure.web.servlet.WebDriverTestExecutionListener@475ef74c, org.springframework.boot.test.autoconfigure.web.servlet.MockMvcPrintOnlyOnFailureTestExecutionListener@e8d9307, org.springframework.boot.test.autoconfigure.web.client.MockRestServiceServerResetTestExecutionListener@7c614469, org.springframework.boot.test.autoconfigure.restdocs.RestDocsTestExecutionListener@7fe03632, org.springframework.boot.test.mock.mockito.MockitoTestExecutionListener@4fb44a15, org.springframework.boot.test.mock.mockito.ResetMocksTestExecutionListener@2dc3ed4f]
10:33:30.744 [Test worker] DEBUG org.springframework.test.annotation.ProfileValueUtils - Retrieved @ProfileValueSourceConfiguration [null] for test class [asw.project.BrandsApplicationTests]
10:33:30.746 [Test worker] DEBUG org.springframework.test.annotation.ProfileValueUtils - Retrieved ProfileValueSource type [class org.springframework.test.annotation.SystemProfileValueSource] for class [asw.project.BrandsApplicationTests]
]]></system-out>
  <system-err><![CDATA[]]></system-err>
</testsuite>
