<?xml version="1.0" encoding="UTF-8"?>
<testsuite name="asw.project.EurekaApplicationTests" tests="1" skipped="1" failures="0" errors="0" timestamp="2017-06-15T09:27:35" hostname="docker" time="0.001">
  <properties/>
  <testcase name="contextLoads" classname="asw.project.EurekaApplicationTests" time="0.001">
    <skipped/>
  </testcase>
  <system-out><![CDATA[09:27:34.855 [Test worker] DEBUG org.springframework.test.context.junit4.SpringJUnit4ClassRunner - SpringJUnit4ClassRunner constructor called with [class asw.project.EurekaApplicationTests]
09:27:34.872 [Test worker] DEBUG org.springframework.test.context.BootstrapUtils - Instantiating CacheAwareContextLoaderDelegate from class [org.springframework.test.context.cache.DefaultCacheAwareContextLoaderDelegate]
09:27:34.901 [Test worker] DEBUG org.springframework.test.context.BootstrapUtils - Instantiating BootstrapContext using constructor [public org.springframework.test.context.support.DefaultBootstrapContext(java.lang.Class,org.springframework.test.context.CacheAwareContextLoaderDelegate)]
09:27:34.942 [Test worker] DEBUG org.springframework.test.context.BootstrapUtils - Instantiating TestContextBootstrapper for test class [asw.project.EurekaApplicationTests] from class [org.springframework.boot.test.context.SpringBootTestContextBootstrapper]
09:27:35.010 [Test worker] INFO org.springframework.boot.test.context.SpringBootTestContextBootstrapper - Neither @ContextConfiguration nor @ContextHierarchy found for test class [asw.project.EurekaApplicationTests], using SpringBootContextLoader
09:27:35.025 [Test worker] DEBUG org.springframework.test.context.support.AbstractContextLoader - Did not detect default resource location for test class [asw.project.EurekaApplicationTests]: class path resource [asw/project/EurekaApplicationTests-context.xml] does not exist
09:27:35.029 [Test worker] DEBUG org.springframework.test.context.support.AbstractContextLoader - Did not detect default resource location for test class [asw.project.EurekaApplicationTests]: class path resource [asw/project/EurekaApplicationTestsContext.groovy] does not exist
09:27:35.029 [Test worker] INFO org.springframework.test.context.support.AbstractContextLoader - Could not detect default resource locations for test class [asw.project.EurekaApplicationTests]: no resource found for suffixes {-context.xml, Context.groovy}.
09:27:35.033 [Test worker] INFO org.springframework.test.context.support.AnnotationConfigContextLoaderUtils - Could not detect default configuration classes for test class [asw.project.EurekaApplicationTests]: EurekaApplicationTests does not declare any static, non-private, non-final, nested classes annotated with @Configuration.
09:27:35.157 [Test worker] DEBUG org.springframework.test.context.support.ActiveProfilesUtils - Could not find an 'annotation declaring class' for annotation type [org.springframework.test.context.ActiveProfiles] and class [asw.project.EurekaApplicationTests]
09:27:35.199 [Test worker] DEBUG org.springframework.core.env.StandardEnvironment - Adding [systemProperties] PropertySource with lowest search precedence
09:27:35.200 [Test worker] DEBUG org.springframework.core.env.StandardEnvironment - Adding [systemEnvironment] PropertySource with lowest search precedence
09:27:35.201 [Test worker] DEBUG org.springframework.core.env.StandardEnvironment - Initialized StandardEnvironment with PropertySources [systemProperties,systemEnvironment]
09:27:35.244 [Test worker] DEBUG org.springframework.core.io.support.PathMatchingResourcePatternResolver - Resolved classpath location [asw/project/] to resources [URL [file:/home/vagrant/projects/brands_info_swarm/Eureka/build/classes/test/asw/project/], URL [file:/home/vagrant/projects/brands_info_swarm/Eureka/build/classes/main/asw/project/]]
09:27:35.245 [Test worker] DEBUG org.springframework.core.io.support.PathMatchingResourcePatternResolver - Looking for matching resources in directory tree [/home/vagrant/projects/brands_info_swarm/Eureka/build/classes/test/asw/project]
09:27:35.247 [Test worker] DEBUG org.springframework.core.io.support.PathMatchingResourcePatternResolver - Searching directory [/home/vagrant/projects/brands_info_swarm/Eureka/build/classes/test/asw/project] for files matching pattern [/home/vagrant/projects/brands_info_swarm/Eureka/build/classes/test/asw/project/*.class]
09:27:35.257 [Test worker] DEBUG org.springframework.core.io.support.PathMatchingResourcePatternResolver - Looking for matching resources in directory tree [/home/vagrant/projects/brands_info_swarm/Eureka/build/classes/main/asw/project]
09:27:35.260 [Test worker] DEBUG org.springframework.core.io.support.PathMatchingResourcePatternResolver - Searching directory [/home/vagrant/projects/brands_info_swarm/Eureka/build/classes/main/asw/project] for files matching pattern [/home/vagrant/projects/brands_info_swarm/Eureka/build/classes/main/asw/project/*.class]
09:27:35.262 [Test worker] DEBUG org.springframework.core.io.support.PathMatchingResourcePatternResolver - Resolved location pattern [classpath*:asw/project/*.class] to resources [file [/home/vagrant/projects/brands_info_swarm/Eureka/build/classes/test/asw/project/EurekaApplicationTests.class], file [/home/vagrant/projects/brands_info_swarm/Eureka/build/classes/main/asw/project/EurekaApplication.class]]
09:27:35.418 [Test worker] DEBUG org.springframework.context.annotation.ClassPathScanningCandidateComponentProvider - Identified candidate component class: file [/home/vagrant/projects/brands_info_swarm/Eureka/build/classes/main/asw/project/EurekaApplication.class]
09:27:35.426 [Test worker] INFO org.springframework.boot.test.context.SpringBootTestContextBootstrapper - Found @SpringBootConfiguration asw.project.EurekaApplication for test class asw.project.EurekaApplicationTests
09:27:35.442 [Test worker] DEBUG org.springframework.boot.test.context.SpringBootTestContextBootstrapper - @TestExecutionListeners is not present for class [asw.project.EurekaApplicationTests]: using defaults.
09:27:35.451 [Test worker] INFO org.springframework.boot.test.context.SpringBootTestContextBootstrapper - Loaded default TestExecutionListener class names from location [META-INF/spring.factories]: [org.springframework.boot.test.mock.mockito.MockitoTestExecutionListener, org.springframework.boot.test.mock.mockito.ResetMocksTestExecutionListener, org.springframework.boot.test.autoconfigure.restdocs.RestDocsTestExecutionListener, org.springframework.boot.test.autoconfigure.web.client.MockRestServiceServerResetTestExecutionListener, org.springframework.boot.test.autoconfigure.web.servlet.MockMvcPrintOnlyOnFailureTestExecutionListener, org.springframework.boot.test.autoconfigure.web.servlet.WebDriverTestExecutionListener, org.springframework.test.context.web.ServletTestExecutionListener, org.springframework.test.context.support.DirtiesContextBeforeModesTestExecutionListener, org.springframework.test.context.support.DependencyInjectionTestExecutionListener, org.springframework.test.context.support.DirtiesContextTestExecutionListener, org.springframework.test.context.transaction.TransactionalTestExecutionListener, org.springframework.test.context.jdbc.SqlScriptsTestExecutionListener]
09:27:35.505 [Test worker] INFO org.springframework.boot.test.context.SpringBootTestContextBootstrapper - Could not instantiate TestExecutionListener [org.springframework.test.context.transaction.TransactionalTestExecutionListener]. Specify custom listener classes or make the default listener classes (and their required dependencies) available. Offending class: [org/springframework/transaction/TransactionDefinition]
09:27:35.507 [Test worker] INFO org.springframework.boot.test.context.SpringBootTestContextBootstrapper - Could not instantiate TestExecutionListener [org.springframework.test.context.jdbc.SqlScriptsTestExecutionListener]. Specify custom listener classes or make the default listener classes (and their required dependencies) available. Offending class: [org/springframework/transaction/interceptor/TransactionAttribute]
09:27:35.508 [Test worker] INFO org.springframework.boot.test.context.SpringBootTestContextBootstrapper - Using TestExecutionListeners: [org.springframework.test.context.web.ServletTestExecutionListener@10fe2f40, org.springframework.test.context.support.DirtiesContextBeforeModesTestExecutionListener@315737d1, org.springframework.boot.test.autoconfigure.SpringBootDependencyInjectionTestExecutionListener@61acfa55, org.springframework.test.context.support.DirtiesContextTestExecutionListener@67743f3f, org.springframework.boot.test.autoconfigure.restdocs.RestDocsTestExecutionListener@61188be, org.springframework.boot.test.mock.mockito.MockitoTestExecutionListener@ef0de12, org.springframework.boot.test.mock.mockito.ResetMocksTestExecutionListener@808f3cb, org.springframework.boot.test.autoconfigure.web.client.MockRestServiceServerResetTestExecutionListener@4ec3a832, org.springframework.boot.test.autoconfigure.web.servlet.MockMvcPrintOnlyOnFailureTestExecutionListener@441d9d2c, org.springframework.boot.test.autoconfigure.web.servlet.WebDriverTestExecutionListener@4c95dbf3]
09:27:35.515 [Test worker] DEBUG org.springframework.test.annotation.ProfileValueUtils - Retrieved @ProfileValueSourceConfiguration [null] for test class [asw.project.EurekaApplicationTests]
09:27:35.517 [Test worker] DEBUG org.springframework.test.annotation.ProfileValueUtils - Retrieved ProfileValueSource type [class org.springframework.test.annotation.SystemProfileValueSource] for class [asw.project.EurekaApplicationTests]
]]></system-out>
  <system-err><![CDATA[]]></system-err>
</testsuite>
